<?xml version="1.0" encoding="UTF-8"?>
<testng-results skipped="0" failed="0" ignored="0" total="4" passed="4">
  <reporter-output>
  </reporter-output>
  <suite name="Suite" duration-ms="118" started-at="2020-07-08T11:37:59Z" finished-at="2020-07-08T11:37:59Z">
    <groups>
    </groups>
    <test name="Test" duration-ms="118" started-at="2020-07-08T11:37:59Z" finished-at="2020-07-08T11:37:59Z">
      <class name="qaclickacademy.Mavenjava.RESTAPITest">
        <test-method status="PASS" signature="deleteTwitter()[pri:0, instance:qaclickacademy.Mavenjava.RESTAPITest@51b7e5df]" name="deleteTwitter" duration-ms="26" started-at="2020-07-08T13:37:59Z" finished-at="2020-07-08T13:37:59Z">
          <reporter-output>
          </reporter-output>
        </test-method> <!-- deleteTwitter -->
        <test-method status="PASS" signature="postJira()[pri:0, instance:qaclickacademy.Mavenjava.RESTAPITest@51b7e5df]" name="postJira" duration-ms="0" started-at="2020-07-08T13:37:59Z" finished-at="2020-07-08T13:37:59Z">
          <reporter-output>
          </reporter-output>
        </test-method> <!-- postJira -->
      </class> <!-- qaclickacademy.Mavenjava.RESTAPITest -->
      <class name="qaclickacademy.Mavenjava.SeleniumTest">
        <test-method status="PASS" signature="BrowserAutomation()[pri:0, instance:qaclickacademy.Mavenjava.SeleniumTest@c8e4bb0]" name="BrowserAutomation" duration-ms="1" started-at="2020-07-08T13:37:59Z" finished-at="2020-07-08T13:37:59Z">
          <reporter-output>
          </reporter-output>
        </test-method> <!-- BrowserAutomation -->
        <test-method status="PASS" signature="elementsUi()[pri:0, instance:qaclickacademy.Mavenjava.SeleniumTest@c8e4bb0]" name="elementsUi" duration-ms="1" started-at="2020-07-08T13:37:59Z" finished-at="2020-07-08T13:37:59Z">
          <reporter-output>
          </reporter-output>
        </test-method> <!-- elementsUi -->
      </class> <!-- qaclickacademy.Mavenjava.SeleniumTest -->
    </test> <!-- Test -->
  </suite> <!-- Suite -->
</testng-results>
